0 info it worked if it ends with ok
1 verbose cli [ '/usr/local/Cellar/nvm/0.33.2/versions/node/v4.2.3/bin/node',
1 verbose cli   '/usr/local/Cellar/nvm/0.33.2/versions/node/v4.2.3/bin/npm',
1 verbose cli   'start' ]
2 info using npm@2.14.7
3 info using node@v4.2.3
4 verbose stack Error: ENOENT: no such file or directory, open '/Users/Daniel/dev/killstreak/package.json'
4 verbose stack     at Error (native)
5 verbose cwd /Users/Daniel/dev/killstreak
6 error Darwin 16.6.0
7 error argv "/usr/local/Cellar/nvm/0.33.2/versions/node/v4.2.3/bin/node" "/usr/local/Cellar/nvm/0.33.2/versions/node/v4.2.3/bin/npm" "start"
8 error node v4.2.3
9 error npm  v2.14.7
10 error path /Users/Daniel/dev/killstreak/package.json
11 error code ENOENT
12 error errno -2
13 error syscall open
14 error enoent ENOENT: no such file or directory, open '/Users/Daniel/dev/killstreak/package.json'
14 error enoent This is most likely not a problem with npm itself
14 error enoent and is related to npm not being able to find a file.
15 verbose exit [ -2, true ]
